<?xml version="1.0" encoding="UTF-8"?>
<!-- Generated by org.testng.reporters.JUnitReportReporter -->
<testsuite skipped="0" hostname="IB-RT-PC-067" name="Cucumber.Automation.AppTest" tests="1" failures="0" timestamp="03 Jun 2019 14:10:28 GMT" time="0.041" errors="0">
  <testcase name="testApp" time="0.041" classname="Cucumber.Automation.AppTest"/>
</testsuite> <!-- Cucumber.Automation.AppTest -->
